{"C:\\Users\\User\\Desktop\\desafio-levi\\src\\desafio01\\desafio01.ts": {"path":"C:\\Users\\User\\Desktop\\desafio-levi\\src\\desafio01\\desafio01.ts","statementMap":{"0":{"start":{"line":10,"column":28},"end":{"line":10,"column":30}},"1":{"start":{"line":11,"column":4},"end":{"line":14,"column":null}},"2":{"start":{"line":12,"column":8},"end":{"line":13,"column":null}},"3":{"start":{"line":13,"column":12},"end":{"line":13,"column":null}},"4":{"start":{"line":15,"column":4},"end":{"line":15,"column":null}},"5":{"start":{"line":9,"column":0},"end":{"line":9,"column":16}},"6":{"start":{"line":18,"column":0},"end":{"line":18,"column":null}}},"fnMap":{"0":{"name":"createArray","decl":{"start":{"line":9,"column":16},"end":{"line":9,"column":27}},"loc":{"start":{"line":9,"column":58},"end":{"line":16,"column":1}}}},"branchMap":{"0":{"loc":{"start":{"line":11,"column":4},"end":{"line":14,"column":null}},"type":"if","locations":[{"start":{"line":11,"column":4},"end":{"line":14,"column":null}}]}},"s":{"0":3,"1":3,"2":3,"3":6,"4":3,"5":1,"6":1},"f":{"0":3},"b":{"0":[3]}}
,"C:\\Users\\User\\Desktop\\desafio-levi\\src\\desafio02\\desafio02.ts": {"path":"C:\\Users\\User\\Desktop\\desafio-levi\\src\\desafio02\\desafio02.ts","statementMap":{"0":{"start":{"line":7,"column":31},"end":{"line":7,"column":33}},"1":{"start":{"line":8,"column":4},"end":{"line":10,"column":null}},"2":{"start":{"line":8,"column":17},"end":{"line":8,"column":33}},"3":{"start":{"line":9,"column":8},"end":{"line":9,"column":32}},"4":{"start":{"line":11,"column":4},"end":{"line":11,"column":null}},"5":{"start":{"line":6,"column":0},"end":{"line":6,"column":16}},"6":{"start":{"line":14,"column":0},"end":{"line":14,"column":null}},"7":{"start":{"line":16,"column":0},"end":{"line":16,"column":null}}},"fnMap":{"0":{"name":"reverseArray","decl":{"start":{"line":6,"column":16},"end":{"line":6,"column":28}},"loc":{"start":{"line":6,"column":53},"end":{"line":12,"column":1}}}},"branchMap":{},"s":{"0":3,"1":3,"2":3,"3":12,"4":3,"5":1,"6":1,"7":1},"f":{"0":3},"b":{}}
,"C:\\Users\\User\\Desktop\\desafio-levi\\src\\desafio03\\desafio03.ts": {"path":"C:\\Users\\User\\Desktop\\desafio-levi\\src\\desafio03\\desafio03.ts","statementMap":{"0":{"start":{"line":8,"column":18},"end":{"line":8,"column":24}},"1":{"start":{"line":10,"column":21},"end":{"line":12,"column":6}},"2":{"start":{"line":11,"column":8},"end":{"line":11,"column":21}},"3":{"start":{"line":14,"column":4},"end":{"line":14,"column":null}},"4":{"start":{"line":7,"column":0},"end":{"line":7,"column":16}},"5":{"start":{"line":17,"column":0},"end":{"line":17,"column":null}},"6":{"start":{"line":19,"column":0},"end":{"line":19,"column":null}}},"fnMap":{"0":{"name":"cleanArray","decl":{"start":{"line":7,"column":16},"end":{"line":7,"column":26}},"loc":{"start":{"line":7,"column":50},"end":{"line":15,"column":1}}},"1":{"name":"(anonymous_1)","decl":{"start":{"line":10,"column":34},"end":{"line":10,"column":44}},"loc":{"start":{"line":10,"column":49},"end":{"line":12,"column":5}}}},"branchMap":{},"s":{"0":3,"1":3,"2":18,"3":3,"4":1,"5":1,"6":1},"f":{"0":3,"1":18},"b":{}}
,"C:\\Users\\User\\Desktop\\desafio-levi\\src\\desafio04\\desafio04.ts": {"path":"C:\\Users\\User\\Desktop\\desafio-levi\\src\\desafio04\\desafio04.ts","statementMap":{"0":{"start":{"line":7,"column":18},"end":{"line":7,"column":24}},"1":{"start":{"line":8,"column":21},"end":{"line":8,"column":46}},"2":{"start":{"line":9,"column":4},"end":{"line":9,"column":null}},"3":{"start":{"line":6,"column":0},"end":{"line":6,"column":16}},"4":{"start":{"line":12,"column":0},"end":{"line":12,"column":null}},"5":{"start":{"line":14,"column":0},"end":{"line":14,"column":null}}},"fnMap":{"0":{"name":"convertObject","decl":{"start":{"line":6,"column":16},"end":{"line":6,"column":29}},"loc":{"start":{"line":6,"column":51},"end":{"line":10,"column":1}}}},"branchMap":{},"s":{"0":3,"1":3,"2":3,"3":1,"4":1,"5":1},"f":{"0":3},"b":{}}
,"C:\\Users\\User\\Desktop\\desafio-levi\\src\\desafio05\\desafio05.ts": {"path":"C:\\Users\\User\\Desktop\\desafio-levi\\src\\desafio05\\desafio05.ts","statementMap":{"0":{"start":{"line":10,"column":23},"end":{"line":17,"column":6}},"1":{"start":{"line":11,"column":8},"end":{"line":16,"column":null}},"2":{"start":{"line":13,"column":12},"end":{"line":15,"column":null}},"3":{"start":{"line":14,"column":16},"end":{"line":14,"column":null}},"4":{"start":{"line":18,"column":4},"end":{"line":18,"column":null}},"5":{"start":{"line":9,"column":0},"end":{"line":9,"column":16}},"6":{"start":{"line":21,"column":0},"end":{"line":21,"column":null}},"7":{"start":{"line":23,"column":0},"end":{"line":23,"column":null}}},"fnMap":{"0":{"name":"filterArray","decl":{"start":{"line":9,"column":16},"end":{"line":9,"column":27}},"loc":{"start":{"line":9,"column":57},"end":{"line":19,"column":1}}},"1":{"name":"(anonymous_1)","decl":{"start":{"line":10,"column":35},"end":{"line":10,"column":44}},"loc":{"start":{"line":10,"column":47},"end":{"line":17,"column":5}}},"2":{"name":"(anonymous_2)","decl":{"start":{"line":11,"column":22},"end":{"line":11,"column":31}},"loc":{"start":{"line":11,"column":34},"end":{"line":16,"column":9}}}},"branchMap":{"0":{"loc":{"start":{"line":13,"column":12},"end":{"line":15,"column":null}},"type":"if","locations":[{"start":{"line":13,"column":12},"end":{"line":15,"column":null}}]}},"s":{"0":3,"1":6,"2":18,"3":9,"4":3,"5":1,"6":1,"7":1},"f":{"0":3,"1":6,"2":18},"b":{"0":[9]}}
,"C:\\Users\\User\\Desktop\\desafio-levi\\src\\desafio06\\desafio06.ts": {"path":"C:\\Users\\User\\Desktop\\desafio-levi\\src\\desafio06\\desafio06.ts","statementMap":{"0":{"start":{"line":7,"column":21},"end":{"line":7,"column":40}},"1":{"start":{"line":8,"column":4},"end":{"line":8,"column":null}},"2":{"start":{"line":6,"column":0},"end":{"line":6,"column":16}},"3":{"start":{"line":11,"column":0},"end":{"line":11,"column":null}},"4":{"start":{"line":13,"column":0},"end":{"line":13,"column":null}}},"fnMap":{"0":{"name":"arrayWithoutDuplicates","decl":{"start":{"line":6,"column":16},"end":{"line":6,"column":38}},"loc":{"start":{"line":6,"column":73},"end":{"line":9,"column":1}}}},"branchMap":{},"s":{"0":3,"1":3,"2":1,"3":1,"4":1},"f":{"0":3},"b":{}}
,"C:\\Users\\User\\Desktop\\desafio-levi\\src\\desafio07\\desafio07.ts": {"path":"C:\\Users\\User\\Desktop\\desafio-levi\\src\\desafio07\\desafio07.ts","statementMap":{"0":{"start":{"line":10,"column":4},"end":{"line":11,"column":null}},"1":{"start":{"line":10,"column":51},"end":{"line":10,"column":61}},"2":{"start":{"line":10,"column":64},"end":{"line":10,"column":null}},"3":{"start":{"line":11,"column":9},"end":{"line":11,"column":null}},"4":{"start":{"line":9,"column":0},"end":{"line":9,"column":16}},"5":{"start":{"line":14,"column":0},"end":{"line":14,"column":null}},"6":{"start":{"line":15,"column":0},"end":{"line":15,"column":null}},"7":{"start":{"line":17,"column":0},"end":{"line":17,"column":null}}},"fnMap":{"0":{"name":"arraysEquals","decl":{"start":{"line":9,"column":16},"end":{"line":9,"column":28}},"loc":{"start":{"line":9,"column":56},"end":{"line":12,"column":1}}},"1":{"name":"(anonymous_1)","decl":{"start":{"line":10,"column":41},"end":{"line":10,"column":42}},"loc":{"start":{"line":10,"column":51},"end":{"line":10,"column":61}}}},"branchMap":{"0":{"loc":{"start":{"line":10,"column":4},"end":{"line":11,"column":null}},"type":"if","locations":[{"start":{"line":10,"column":4},"end":{"line":11,"column":null}},{"start":{"line":11,"column":9},"end":{"line":11,"column":null}}]},"1":{"loc":{"start":{"line":10,"column":8},"end":{"line":10,"column":62}},"type":"binary-expr","locations":[{"start":{"line":10,"column":8},"end":{"line":10,"column":29}},{"start":{"line":10,"column":33},"end":{"line":10,"column":62}}]}},"s":{"0":5,"1":20,"2":2,"3":3,"4":1,"5":1,"6":1,"7":1},"f":{"0":5,"1":20},"b":{"0":[2,3],"1":[5,5]}}
,"C:\\Users\\User\\Desktop\\desafio-levi\\src\\desafio08\\desafio08.ts": {"path":"C:\\Users\\User\\Desktop\\desafio-levi\\src\\desafio08\\desafio08.ts","statementMap":{"0":{"start":{"line":7,"column":32},"end":{"line":7,"column":44}},"1":{"start":{"line":8,"column":4},"end":{"line":8,"column":null}},"2":{"start":{"line":6,"column":0},"end":{"line":6,"column":16}},"3":{"start":{"line":11,"column":0},"end":{"line":11,"column":null}},"4":{"start":{"line":13,"column":0},"end":{"line":13,"column":null}}},"fnMap":{"0":{"name":"nestingArray","decl":{"start":{"line":6,"column":16},"end":{"line":6,"column":28}},"loc":{"start":{"line":6,"column":50},"end":{"line":9,"column":1}}}},"branchMap":{},"s":{"0":5,"1":5,"2":1,"3":1,"4":1},"f":{"0":5},"b":{}}
,"C:\\Users\\User\\Desktop\\desafio-levi\\src\\desafio09\\desafio09.ts": {"path":"C:\\Users\\User\\Desktop\\desafio-levi\\src\\desafio09\\desafio09.ts","statementMap":{"0":{"start":{"line":10,"column":16},"end":{"line":10,"column":18}},"1":{"start":{"line":10,"column":24},"end":{"line":10,"column":25}},"2":{"start":{"line":10,"column":31},"end":{"line":10,"column":41}},"3":{"start":{"line":11,"column":4},"end":{"line":13,"column":null}},"4":{"start":{"line":12,"column":8},"end":{"line":12,"column":null}},"5":{"start":{"line":14,"column":4},"end":{"line":14,"column":null}},"6":{"start":{"line":9,"column":0},"end":{"line":9,"column":16}},"7":{"start":{"line":17,"column":0},"end":{"line":17,"column":null}},"8":{"start":{"line":19,"column":0},"end":{"line":19,"column":null}}},"fnMap":{"0":{"name":"partsArray","decl":{"start":{"line":9,"column":16},"end":{"line":9,"column":26}},"loc":{"start":{"line":9,"column":54},"end":{"line":15,"column":1}}}},"branchMap":{},"s":{"0":2,"1":2,"2":2,"3":2,"4":6,"5":2,"6":1,"7":1,"8":1},"f":{"0":2},"b":{}}
,"C:\\Users\\User\\Desktop\\desafio-levi\\src\\desafio10\\desafio10.ts": {"path":"C:\\Users\\User\\Desktop\\desafio-levi\\src\\desafio10\\desafio10.ts","statementMap":{"0":{"start":{"line":10,"column":26},"end":{"line":10,"column":28}},"1":{"start":{"line":11,"column":4},"end":{"line":15,"column":7}},"2":{"start":{"line":12,"column":8},"end":{"line":14,"column":null}},"3":{"start":{"line":13,"column":12},"end":{"line":13,"column":null}},"4":{"start":{"line":16,"column":4},"end":{"line":16,"column":null}},"5":{"start":{"line":9,"column":0},"end":{"line":9,"column":16}},"6":{"start":{"line":19,"column":0},"end":{"line":19,"column":null}},"7":{"start":{"line":21,"column":0},"end":{"line":21,"column":null}}},"fnMap":{"0":{"name":"commonValuesArray","decl":{"start":{"line":9,"column":16},"end":{"line":9,"column":33}},"loc":{"start":{"line":9,"column":70},"end":{"line":17,"column":1}}},"1":{"name":"(anonymous_1)","decl":{"start":{"line":11,"column":16},"end":{"line":11,"column":26}},"loc":{"start":{"line":11,"column":33},"end":{"line":15,"column":5}}}},"branchMap":{"0":{"loc":{"start":{"line":12,"column":8},"end":{"line":14,"column":null}},"type":"if","locations":[{"start":{"line":12,"column":8},"end":{"line":14,"column":null}}]}},"s":{"0":2,"1":2,"2":4,"3":2,"4":2,"5":1,"6":1,"7":1},"f":{"0":2,"1":4},"b":{"0":[2]}}
}
