TN:
SF:src\desafio01\desafio01.ts
FN:9,createArray
FNF:1
FNH:1
FNDA:3,createArray
DA:9,1
DA:10,3
DA:11,3
DA:12,3
DA:13,6
DA:15,3
DA:18,1
LF:7
LH:7
BRDA:11,0,0,3
BRF:1
BRH:1
end_of_record
TN:
SF:src\desafio02\desafio02.ts
FN:6,reverseArray
FNF:1
FNH:1
FNDA:3,reverseArray
DA:6,1
DA:7,3
DA:8,3
DA:9,12
DA:11,3
DA:14,1
DA:16,1
LF:7
LH:7
BRF:0
BRH:0
end_of_record
TN:
SF:src\desafio03\desafio03.ts
FN:7,cleanArray
FN:10,(anonymous_1)
FNF:2
FNH:2
FNDA:3,cleanArray
FNDA:18,(anonymous_1)
DA:7,1
DA:8,3
DA:10,3
DA:11,18
DA:14,3
DA:17,1
DA:19,1
LF:7
LH:7
BRF:0
BRH:0
end_of_record
TN:
SF:src\desafio04\desafio04.ts
FN:6,convertObject
FNF:1
FNH:1
FNDA:3,convertObject
DA:6,1
DA:7,3
DA:8,3
DA:9,3
DA:12,1
DA:14,1
LF:6
LH:6
BRF:0
BRH:0
end_of_record
TN:
SF:src\desafio05\desafio05.ts
FN:9,filterArray
FN:10,(anonymous_1)
FN:11,(anonymous_2)
FNF:3
FNH:3
FNDA:3,filterArray
FNDA:6,(anonymous_1)
FNDA:18,(anonymous_2)
DA:9,1
DA:10,3
DA:11,6
DA:13,18
DA:14,9
DA:18,3
DA:21,1
DA:23,1
LF:8
LH:8
BRDA:13,0,0,9
BRF:1
BRH:1
end_of_record
TN:
SF:src\desafio06\desafio06.ts
FN:6,arrayWithoutDuplicates
FNF:1
FNH:1
FNDA:3,arrayWithoutDuplicates
DA:6,1
DA:7,3
DA:8,3
DA:11,1
DA:13,1
LF:5
LH:5
BRF:0
BRH:0
end_of_record
TN:
SF:src\desafio07\desafio07.ts
FN:9,arraysEquals
FN:10,(anonymous_1)
FNF:2
FNH:2
FNDA:5,arraysEquals
FNDA:20,(anonymous_1)
DA:9,1
DA:10,20
DA:11,3
DA:14,1
DA:15,1
DA:17,1
LF:6
LH:6
BRDA:10,0,0,2
BRDA:10,0,1,3
BRDA:10,1,0,5
BRDA:10,1,1,5
BRF:4
BRH:4
end_of_record
TN:
SF:src\desafio08\desafio08.ts
FN:6,nestingArray
FNF:1
FNH:1
FNDA:5,nestingArray
DA:6,1
DA:7,5
DA:8,5
DA:11,1
DA:13,1
LF:5
LH:5
BRF:0
BRH:0
end_of_record
TN:
SF:src\desafio09\desafio09.ts
FN:9,partsArray
FNF:1
FNH:1
FNDA:2,partsArray
DA:9,1
DA:10,2
DA:11,2
DA:12,6
DA:14,2
DA:17,1
DA:19,1
LF:7
LH:7
BRF:0
BRH:0
end_of_record
TN:
SF:src\desafio10\desafio10.ts
FN:9,commonValuesArray
FN:11,(anonymous_1)
FNF:2
FNH:2
FNDA:2,commonValuesArray
FNDA:4,(anonymous_1)
DA:9,1
DA:10,2
DA:11,2
DA:12,4
DA:13,2
DA:16,2
DA:19,1
DA:21,1
LF:8
LH:8
BRDA:12,0,0,2
BRF:1
BRH:1
end_of_record
